INFO:pyomo.util.infeasible:CONSTR inventory_balance_constraint[TX,CO2_DAC,0]: missing variable value =?= 0.0
INFO:pyomo.util.infeasible:CONSTR inventory_balance_constraint[TX,H2_L,0]: missing variable value =?= 0.0
INFO:pyomo.util.infeasible:CONSTR inventory_balance_constraint[TX,H2O_E,0]: missing variable value =?= 0.0
INFO:pyomo.util.infeasible:CONSTR inventory_balance_constraint[TX,Wind,0]: missing variable value =?= 0.0
INFO:pyomo.util.infeasible:CONSTR inventory_balance_constraint[TX,Solar,0]: missing variable value =?= 0.0
INFO:pyomo.util.infeasible:CONSTR inventory_balance_constraint[TX,Air_C,0]: missing variable value =?= 0.0
INFO:pyomo.util.infeasible:CONSTR inventory_balance_constraint[TX,O2,0]: missing variable value =?= 0.0
INFO:pyomo.util.infeasible:CONSTR inventory_balance_constraint[TX,CO2_AQoff,0]: missing variable value =?= 0.0
INFO:pyomo.util.infeasible:CONSTR inventory_balance_constraint[TX,Charge,0]: missing variable value =?= 0.0
INFO:pyomo.util.infeasible:CONSTR inventory_balance_constraint[TX,H2_C,0]: missing variable value =?= 0.0
INFO:pyomo.util.infeasible:CONSTR inventory_balance_constraint[TX,CH4,0]: missing variable value =?= 0.0
INFO:pyomo.util.infeasible:CONSTR inventory_balance_constraint[TX,Power,0]: missing variable value =?= 0.0
INFO:pyomo.util.infeasible:CONSTR inventory_balance_constraint[TX,H2,0]: missing variable value =?= 0.0
INFO:pyomo.util.infeasible:CONSTR inventory_balance_constraint[TX,CO2_Vent,0]: missing variable value =?= 0.0
INFO:pyomo.util.infeasible:CONSTR inventory_balance_constraint[TX,H2_B,0]: missing variable value =?= 0.0
INFO:pyomo.util.infeasible:CONSTR inventory_balance_constraint[TX,H2O,0]: missing variable value =?= 0.0
INFO:pyomo.util.infeasible:CONSTR inventory_balance_constraint[TX,CO2_EOR,0]: missing variable value =?= 0.0
INFO:pyomo.util.infeasible:CONSTR inventory_balance_constraint[TX,H2_G,0]: missing variable value =?= 0.0
INFO:pyomo.util.infeasible:CONSTR inventory_balance_constraint[TX,CO2,0]: missing variable value =?= 0.0
INFO:pyomo.util.infeasible:CONSTR uncertain_nameplate_production_constraint[TX,SMRH,0]: missing variable value <?= 0.0
INFO:pyomo.util.infeasible:CONSTR uncertain_nameplate_production_constraint[TX,EOR,0]: missing variable value <?= 0.0
INFO:pyomo.util.infeasible:CONSTR uncertain_nameplate_production_constraint[TX,LiI_d,0]: missing variable value <?= 0.0
INFO:pyomo.util.infeasible:CONSTR uncertain_nameplate_production_constraint[TX,H2_Blue,0]: missing variable value <?= 0.0
INFO:pyomo.util.infeasible:CONSTR uncertain_nameplate_production_constraint[TX,H2_C_d,0]: missing variable value <?= 0.0
INFO:pyomo.util.infeasible:CONSTR uncertain_nameplate_production_constraint[TX,AKE,0]: missing variable value <?= 0.0
INFO:pyomo.util.infeasible:CONSTR uncertain_nameplate_production_constraint[TX,DAC,0]: missing variable value <?= 0.0
INFO:pyomo.util.infeasible:CONSTR uncertain_nameplate_production_constraint[TX,AQoff_SMR,0]: missing variable value <?= 0.0
INFO:pyomo.util.infeasible:CONSTR uncertain_nameplate_production_constraint[TX,H2_C_c,0]: missing variable value <?= 0.0
INFO:pyomo.util.infeasible:CONSTR uncertain_nameplate_production_constraint[TX,CAES_c,0]: missing variable value <?= 0.0
INFO:pyomo.util.infeasible:CONSTR uncertain_nameplate_production_constraint[TX,PSH_c,0]: missing variable value <?= 0.0
INFO:pyomo.util.infeasible:CONSTR uncertain_nameplate_production_constraint[TX,PV,0]: missing variable value <?= 0.0
INFO:pyomo.util.infeasible:CONSTR uncertain_nameplate_production_constraint[TX,PSH_d,0]: missing variable value <?= 0.0
INFO:pyomo.util.infeasible:CONSTR uncertain_nameplate_production_constraint[TX,H2_L_d,0]: missing variable value <?= 0.0
INFO:pyomo.util.infeasible:CONSTR uncertain_nameplate_production_constraint[TX,CAES_d,0]: missing variable value <?= 0.0
INFO:pyomo.util.infeasible:CONSTR uncertain_nameplate_production_constraint[TX,WF,0]: missing variable value <?= 0.0
INFO:pyomo.util.infeasible:CONSTR uncertain_nameplate_production_constraint[TX,H2_L_c,0]: missing variable value <?= 0.0
INFO:pyomo.util.infeasible:CONSTR uncertain_nameplate_production_constraint[TX,LiI_c,0]: missing variable value <?= 0.0
INFO:pyomo.util.infeasible:CONSTR uncertain_nameplate_production_constraint[TX,H2_Green,0]: missing variable value <?= 0.0
INFO:pyomo.util.infeasible:CONSTR nameplate_inventory_constraint[TX,H2_L,0]: missing variable value <?= 0.0
INFO:pyomo.util.infeasible:CONSTR nameplate_inventory_constraint[TX,H2O_E,0]: missing variable value <?= 0.0
INFO:pyomo.util.infeasible:CONSTR nameplate_inventory_constraint[TX,Air_C,0]: missing variable value <?= 0.0
INFO:pyomo.util.infeasible:CONSTR nameplate_inventory_constraint[TX,CO2_AQoff,0]: missing variable value <?= 0.0
INFO:pyomo.util.infeasible:CONSTR nameplate_inventory_constraint[TX,Charge,0]: missing variable value <?= 0.0
INFO:pyomo.util.infeasible:CONSTR nameplate_inventory_constraint[TX,H2_C,0]: missing variable value <?= 0.0
INFO:pyomo.util.infeasible:CONSTR nameplate_inventory_constraint[TX,CO2_EOR,0]: missing variable value <?= 0.0
INFO:pyomo.util.infeasible:CONSTR resource_consumption_constraint[TX,Wind,0]: missing variable value <?= 100000000.0
INFO:pyomo.util.infeasible:CONSTR resource_consumption_constraint[TX,Solar,0]: missing variable value <?= 100000000.0
INFO:pyomo.util.infeasible:CONSTR resource_consumption_constraint[TX,CH4,0]: missing variable value <?= 100000000.0
INFO:pyomo.util.infeasible:CONSTR resource_consumption_constraint[TX,H2O,0]: missing variable value <?= 100000000.0
INFO:pyomo.util.infeasible:CONSTR resource_consumption_constraint[TX,CO2,0]: missing variable value <?= 100000000.0
INFO:pyomo.util.infeasible:CONSTR uncertain_resource_purchase_constraint[TX,Wind,0]: missing variable value =?= 0.0
INFO:pyomo.util.infeasible:CONSTR uncertain_resource_purchase_constraint[TX,Solar,0]: missing variable value =?= 0.0
INFO:pyomo.util.infeasible:CONSTR uncertain_resource_purchase_constraint[TX,CH4,0]: missing variable value =?= 0.0
INFO:pyomo.util.infeasible:CONSTR uncertain_resource_purchase_constraint[TX,H2O,0]: missing variable value =?= 0.0
INFO:pyomo.util.infeasible:CONSTR uncertain_resource_purchase_constraint[TX,CO2,0]: missing variable value =?= 0.0
INFO:pyomo.util.infeasible:CONSTR delta_cap_location_constraint[TX,PV,0]: missing variable value =?= 0.0
INFO:pyomo.util.infeasible:CONSTR delta_cap_location_constraint[TX,WF,0]: missing variable value =?= 0.0
INFO:pyomo.util.infeasible:CONSTR delta_cap_network_constraint[PV,0]: missing variable value =?= 0.0
INFO:pyomo.util.infeasible:CONSTR delta_cap_network_constraint[WF,0]: missing variable value =?= 0.0
INFO:pyomo.util.infeasible:CONSTR location_production_constraint[TX,SMRH,0]: missing variable value =?= 0.0
INFO:pyomo.util.infeasible:CONSTR location_production_constraint[TX,EOR,0]: missing variable value =?= 0.0
INFO:pyomo.util.infeasible:CONSTR location_production_constraint[TX,LiI_d,0]: missing variable value =?= 0.0
INFO:pyomo.util.infeasible:CONSTR location_production_constraint[TX,H2_Blue,0]: missing variable value =?= 0.0
INFO:pyomo.util.infeasible:CONSTR location_production_constraint[TX,H2_C_d,0]: missing variable value =?= 0.0
INFO:pyomo.util.infeasible:CONSTR location_production_constraint[TX,AKE,0]: missing variable value =?= 0.0
INFO:pyomo.util.infeasible:CONSTR location_production_constraint[TX,DAC,0]: missing variable value =?= 0.0
INFO:pyomo.util.infeasible:CONSTR location_production_constraint[TX,AQoff_SMR,0]: missing variable value =?= 0.0
INFO:pyomo.util.infeasible:CONSTR location_production_constraint[TX,H2_C_c,0]: missing variable value =?= 0.0
INFO:pyomo.util.infeasible:CONSTR location_production_constraint[TX,CAES_c,0]: missing variable value =?= 0.0
INFO:pyomo.util.infeasible:CONSTR location_production_constraint[TX,PSH_c,0]: missing variable value =?= 0.0
INFO:pyomo.util.infeasible:CONSTR location_production_constraint[TX,PV,0]: missing variable value =?= 0.0
INFO:pyomo.util.infeasible:CONSTR location_production_constraint[TX,PSH_d,0]: missing variable value =?= 0.0
INFO:pyomo.util.infeasible:CONSTR location_production_constraint[TX,H2_L_d,0]: missing variable value =?= 0.0
INFO:pyomo.util.infeasible:CONSTR location_production_constraint[TX,CAES_d,0]: missing variable value =?= 0.0
INFO:pyomo.util.infeasible:CONSTR location_production_constraint[TX,WF,0]: missing variable value =?= 0.0
INFO:pyomo.util.infeasible:CONSTR location_production_constraint[TX,H2_L_c,0]: missing variable value =?= 0.0
INFO:pyomo.util.infeasible:CONSTR location_production_constraint[TX,LiI_c,0]: missing variable value =?= 0.0
INFO:pyomo.util.infeasible:CONSTR location_production_constraint[TX,H2_Green,0]: missing variable value =?= 0.0
INFO:pyomo.util.infeasible:CONSTR location_discharge_constraint[TX,H2_L,0]: missing variable value =?= 0.0
INFO:pyomo.util.infeasible:CONSTR location_discharge_constraint[TX,O2,0]: missing variable value =?= 0.0
INFO:pyomo.util.infeasible:CONSTR location_discharge_constraint[TX,H2_C,0]: missing variable value =?= 0.0
INFO:pyomo.util.infeasible:CONSTR location_discharge_constraint[TX,CO2_Vent,0]: missing variable value =?= 0.0
INFO:pyomo.util.infeasible:CONSTR location_consumption_constraint[TX,Wind,0]: missing variable value =?= 0.0
INFO:pyomo.util.infeasible:CONSTR location_consumption_constraint[TX,Solar,0]: missing variable value =?= 0.0
INFO:pyomo.util.infeasible:CONSTR location_consumption_constraint[TX,CH4,0]: missing variable value =?= 0.0
INFO:pyomo.util.infeasible:CONSTR location_consumption_constraint[TX,H2O,0]: missing variable value =?= 0.0
INFO:pyomo.util.infeasible:CONSTR location_consumption_constraint[TX,CO2,0]: missing variable value =?= 0.0
INFO:pyomo.util.infeasible:CONSTR location_purchase_constraint[TX,Wind,0]: missing variable value =?= 0.0
INFO:pyomo.util.infeasible:CONSTR location_purchase_constraint[TX,Solar,0]: missing variable value =?= 0.0
INFO:pyomo.util.infeasible:CONSTR location_purchase_constraint[TX,CH4,0]: missing variable value =?= 0.0
INFO:pyomo.util.infeasible:CONSTR location_purchase_constraint[TX,H2O,0]: missing variable value =?= 0.0
INFO:pyomo.util.infeasible:CONSTR location_purchase_constraint[TX,CO2,0]: missing variable value =?= 0.0
INFO:pyomo.util.infeasible:CONSTR network_production_constraint[SMRH,0]: missing variable value =?= 0.0
INFO:pyomo.util.infeasible:CONSTR network_production_constraint[EOR,0]: missing variable value =?= 0.0
INFO:pyomo.util.infeasible:CONSTR network_production_constraint[LiI_d,0]: missing variable value =?= 0.0
INFO:pyomo.util.infeasible:CONSTR network_production_constraint[H2_Blue,0]: missing variable value =?= 0.0
INFO:pyomo.util.infeasible:CONSTR network_production_constraint[H2_C_d,0]: missing variable value =?= 0.0
INFO:pyomo.util.infeasible:CONSTR network_production_constraint[AKE,0]: missing variable value =?= 0.0
INFO:pyomo.util.infeasible:CONSTR network_production_constraint[DAC,0]: missing variable value =?= 0.0
INFO:pyomo.util.infeasible:CONSTR network_production_constraint[AQoff_SMR,0]: missing variable value =?= 0.0
INFO:pyomo.util.infeasible:CONSTR network_production_constraint[H2_C_c,0]: missing variable value =?= 0.0
INFO:pyomo.util.infeasible:CONSTR network_production_constraint[CAES_c,0]: missing variable value =?= 0.0
INFO:pyomo.util.infeasible:CONSTR network_production_constraint[PSH_c,0]: missing variable value =?= 0.0
INFO:pyomo.util.infeasible:CONSTR network_production_constraint[PV,0]: missing variable value =?= 0.0
INFO:pyomo.util.infeasible:CONSTR network_production_constraint[PSH_d,0]: missing variable value =?= 0.0
INFO:pyomo.util.infeasible:CONSTR network_production_constraint[H2_L_d,0]: missing variable value =?= 0.0
INFO:pyomo.util.infeasible:CONSTR network_production_constraint[CAES_d,0]: missing variable value =?= 0.0
INFO:pyomo.util.infeasible:CONSTR network_production_constraint[WF,0]: missing variable value =?= 0.0
INFO:pyomo.util.infeasible:CONSTR network_production_constraint[H2_L_c,0]: missing variable value =?= 0.0
INFO:pyomo.util.infeasible:CONSTR network_production_constraint[LiI_c,0]: missing variable value =?= 0.0
INFO:pyomo.util.infeasible:CONSTR network_production_constraint[H2_Green,0]: missing variable value =?= 0.0
INFO:pyomo.util.infeasible:CONSTR network_discharge_constraint[H2_L,0]: missing variable value =?= 0.0
INFO:pyomo.util.infeasible:CONSTR network_discharge_constraint[O2,0]: missing variable value =?= 0.0
INFO:pyomo.util.infeasible:CONSTR network_discharge_constraint[H2_C,0]: missing variable value =?= 0.0
INFO:pyomo.util.infeasible:CONSTR network_discharge_constraint[CO2_Vent,0]: missing variable value =?= 0.0
INFO:pyomo.util.infeasible:CONSTR network_consumption_constraint[Wind,0]: missing variable value =?= 0.0
INFO:pyomo.util.infeasible:CONSTR network_consumption_constraint[Solar,0]: missing variable value =?= 0.0
INFO:pyomo.util.infeasible:CONSTR network_consumption_constraint[CH4,0]: missing variable value =?= 0.0
INFO:pyomo.util.infeasible:CONSTR network_consumption_constraint[H2O,0]: missing variable value =?= 0.0
INFO:pyomo.util.infeasible:CONSTR network_consumption_constraint[CO2,0]: missing variable value =?= 0.0
INFO:pyomo.util.infeasible:CONSTR network_purchase_constraint[Wind,0]: missing variable value =?= 0.0
INFO:pyomo.util.infeasible:CONSTR network_purchase_constraint[Solar,0]: missing variable value =?= 0.0
INFO:pyomo.util.infeasible:CONSTR network_purchase_constraint[CH4,0]: missing variable value =?= 0.0
INFO:pyomo.util.infeasible:CONSTR network_purchase_constraint[H2O,0]: missing variable value =?= 0.0
INFO:pyomo.util.infeasible:CONSTR network_purchase_constraint[CO2,0]: missing variable value =?= 0.0
INFO:pyomo.util.infeasible:CONSTR process_capex_constraint[TX,SMRH,0]: missing variable value =?= 0.0
INFO:pyomo.util.infeasible:CONSTR process_capex_constraint[TX,EOR,0]: missing variable value =?= 0.0
INFO:pyomo.util.infeasible:CONSTR process_capex_constraint[TX,LiI_d,0]: missing variable value =?= 0.0
INFO:pyomo.util.infeasible:CONSTR process_capex_constraint[TX,H2_Blue,0]: missing variable value =?= 0.0
INFO:pyomo.util.infeasible:CONSTR process_capex_constraint[TX,H2_C_d,0]: missing variable value =?= 0.0
INFO:pyomo.util.infeasible:CONSTR process_capex_constraint[TX,AKE,0]: missing variable value =?= 0.0
INFO:pyomo.util.infeasible:CONSTR process_capex_constraint[TX,DAC,0]: missing variable value =?= 0.0
INFO:pyomo.util.infeasible:CONSTR process_capex_constraint[TX,AQoff_SMR,0]: missing variable value =?= 0.0
INFO:pyomo.util.infeasible:CONSTR process_capex_constraint[TX,H2_C_c,0]: missing variable value =?= 0.0
INFO:pyomo.util.infeasible:CONSTR process_capex_constraint[TX,CAES_c,0]: missing variable value =?= 0.0
INFO:pyomo.util.infeasible:CONSTR process_capex_constraint[TX,PSH_c,0]: missing variable value =?= 0.0
INFO:pyomo.util.infeasible:CONSTR process_capex_constraint[TX,PV,0]: missing variable value =?= 0.0
INFO:pyomo.util.infeasible:CONSTR process_capex_constraint[TX,PSH_d,0]: missing variable value =?= 0.0
INFO:pyomo.util.infeasible:CONSTR process_capex_constraint[TX,H2_L_d,0]: missing variable value =?= 0.0
INFO:pyomo.util.infeasible:CONSTR process_capex_constraint[TX,CAES_d,0]: missing variable value =?= 0.0
INFO:pyomo.util.infeasible:CONSTR process_capex_constraint[TX,WF,0]: missing variable value =?= 0.0
INFO:pyomo.util.infeasible:CONSTR process_capex_constraint[TX,H2_L_c,0]: missing variable value =?= 0.0
INFO:pyomo.util.infeasible:CONSTR process_capex_constraint[TX,LiI_c,0]: missing variable value =?= 0.0
INFO:pyomo.util.infeasible:CONSTR process_capex_constraint[TX,H2_Green,0]: missing variable value =?= 0.0
INFO:pyomo.util.infeasible:CONSTR process_fopex_constraint[TX,SMRH,0]: missing variable value =?= 0.0
INFO:pyomo.util.infeasible:CONSTR process_fopex_constraint[TX,EOR,0]: missing variable value =?= 0.0
INFO:pyomo.util.infeasible:CONSTR process_fopex_constraint[TX,LiI_d,0]: missing variable value =?= 0.0
INFO:pyomo.util.infeasible:CONSTR process_fopex_constraint[TX,H2_Blue,0]: missing variable value =?= 0.0
INFO:pyomo.util.infeasible:CONSTR process_fopex_constraint[TX,H2_C_d,0]: missing variable value =?= 0.0
INFO:pyomo.util.infeasible:CONSTR process_fopex_constraint[TX,AKE,0]: missing variable value =?= 0.0
INFO:pyomo.util.infeasible:CONSTR process_fopex_constraint[TX,DAC,0]: missing variable value =?= 0.0
INFO:pyomo.util.infeasible:CONSTR process_fopex_constraint[TX,AQoff_SMR,0]: missing variable value =?= 0.0
INFO:pyomo.util.infeasible:CONSTR process_fopex_constraint[TX,H2_C_c,0]: missing variable value =?= 0.0
INFO:pyomo.util.infeasible:CONSTR process_fopex_constraint[TX,CAES_c,0]: missing variable value =?= 0.0
INFO:pyomo.util.infeasible:CONSTR process_fopex_constraint[TX,PSH_c,0]: missing variable value =?= 0.0
INFO:pyomo.util.infeasible:CONSTR process_fopex_constraint[TX,PV,0]: missing variable value =?= 0.0
INFO:pyomo.util.infeasible:CONSTR process_fopex_constraint[TX,PSH_d,0]: missing variable value =?= 0.0
INFO:pyomo.util.infeasible:CONSTR process_fopex_constraint[TX,H2_L_d,0]: missing variable value =?= 0.0
INFO:pyomo.util.infeasible:CONSTR process_fopex_constraint[TX,CAES_d,0]: missing variable value =?= 0.0
INFO:pyomo.util.infeasible:CONSTR process_fopex_constraint[TX,WF,0]: missing variable value =?= 0.0
INFO:pyomo.util.infeasible:CONSTR process_fopex_constraint[TX,H2_L_c,0]: missing variable value =?= 0.0
INFO:pyomo.util.infeasible:CONSTR process_fopex_constraint[TX,LiI_c,0]: missing variable value =?= 0.0
INFO:pyomo.util.infeasible:CONSTR process_fopex_constraint[TX,H2_Green,0]: missing variable value =?= 0.0
INFO:pyomo.util.infeasible:CONSTR process_vopex_constraint[TX,SMRH,0]: missing variable value =?= 0.0
INFO:pyomo.util.infeasible:CONSTR process_vopex_constraint[TX,EOR,0]: missing variable value =?= 0.0
INFO:pyomo.util.infeasible:CONSTR process_vopex_constraint[TX,LiI_d,0]: missing variable value =?= 0.0
INFO:pyomo.util.infeasible:CONSTR process_vopex_constraint[TX,H2_Blue,0]: missing variable value =?= 0.0
INFO:pyomo.util.infeasible:CONSTR process_vopex_constraint[TX,H2_C_d,0]: missing variable value =?= 0.0
INFO:pyomo.util.infeasible:CONSTR process_vopex_constraint[TX,AKE,0]: missing variable value =?= 0.0
INFO:pyomo.util.infeasible:CONSTR process_vopex_constraint[TX,DAC,0]: missing variable value =?= 0.0
INFO:pyomo.util.infeasible:CONSTR process_vopex_constraint[TX,AQoff_SMR,0]: missing variable value =?= 0.0
INFO:pyomo.util.infeasible:CONSTR process_vopex_constraint[TX,H2_C_c,0]: missing variable value =?= 0.0
INFO:pyomo.util.infeasible:CONSTR process_vopex_constraint[TX,CAES_c,0]: missing variable value =?= 0.0
INFO:pyomo.util.infeasible:CONSTR process_vopex_constraint[TX,PSH_c,0]: missing variable value =?= 0.0
INFO:pyomo.util.infeasible:CONSTR process_vopex_constraint[TX,PV,0]: missing variable value =?= 0.0
INFO:pyomo.util.infeasible:CONSTR process_vopex_constraint[TX,PSH_d,0]: missing variable value =?= 0.0
INFO:pyomo.util.infeasible:CONSTR process_vopex_constraint[TX,H2_L_d,0]: missing variable value =?= 0.0
INFO:pyomo.util.infeasible:CONSTR process_vopex_constraint[TX,CAES_d,0]: missing variable value =?= 0.0
INFO:pyomo.util.infeasible:CONSTR process_vopex_constraint[TX,WF,0]: missing variable value =?= 0.0
INFO:pyomo.util.infeasible:CONSTR process_vopex_constraint[TX,H2_L_c,0]: missing variable value =?= 0.0
INFO:pyomo.util.infeasible:CONSTR process_vopex_constraint[TX,LiI_c,0]: missing variable value =?= 0.0
INFO:pyomo.util.infeasible:CONSTR process_vopex_constraint[TX,H2_Green,0]: missing variable value =?= 0.0
INFO:pyomo.util.infeasible:CONSTR process_land_constraint[TX,SMRH,0]: missing variable value =?= 0.0
INFO:pyomo.util.infeasible:CONSTR process_land_constraint[TX,EOR,0]: missing variable value =?= 0.0
INFO:pyomo.util.infeasible:CONSTR process_land_constraint[TX,LiI_d,0]: missing variable value =?= 0.0
INFO:pyomo.util.infeasible:CONSTR process_land_constraint[TX,H2_Blue,0]: missing variable value =?= 0.0
INFO:pyomo.util.infeasible:CONSTR process_land_constraint[TX,H2_C_d,0]: missing variable value =?= 0.0
INFO:pyomo.util.infeasible:CONSTR process_land_constraint[TX,AKE,0]: missing variable value =?= 0.0
INFO:pyomo.util.infeasible:CONSTR process_land_constraint[TX,DAC,0]: missing variable value =?= 0.0
INFO:pyomo.util.infeasible:CONSTR process_land_constraint[TX,AQoff_SMR,0]: missing variable value =?= 0.0
INFO:pyomo.util.infeasible:CONSTR process_land_constraint[TX,H2_C_c,0]: missing variable value =?= 0.0
INFO:pyomo.util.infeasible:CONSTR process_land_constraint[TX,CAES_c,0]: missing variable value =?= 0.0
INFO:pyomo.util.infeasible:CONSTR process_land_constraint[TX,PSH_c,0]: missing variable value =?= 0.0
INFO:pyomo.util.infeasible:CONSTR process_land_constraint[TX,PV,0]: missing variable value =?= 0.0
INFO:pyomo.util.infeasible:CONSTR process_land_constraint[TX,PSH_d,0]: missing variable value =?= 0.0
INFO:pyomo.util.infeasible:CONSTR process_land_constraint[TX,H2_L_d,0]: missing variable value =?= 0.0
INFO:pyomo.util.infeasible:CONSTR process_land_constraint[TX,CAES_d,0]: missing variable value =?= 0.0
INFO:pyomo.util.infeasible:CONSTR process_land_constraint[TX,WF,0]: missing variable value =?= 0.0
INFO:pyomo.util.infeasible:CONSTR process_land_constraint[TX,H2_L_c,0]: missing variable value =?= 0.0
INFO:pyomo.util.infeasible:CONSTR process_land_constraint[TX,LiI_c,0]: missing variable value =?= 0.0
INFO:pyomo.util.infeasible:CONSTR process_land_constraint[TX,H2_Green,0]: missing variable value =?= 0.0
INFO:pyomo.util.infeasible:CONSTR location_land_constraint[TX,0]: missing variable value =?= 0.0
INFO:pyomo.util.infeasible:CONSTR network_land_constraint[0]: missing variable value =?= 0.0
INFO:pyomo.util.infeasible:CONSTR location_capex_constraint[TX,0]: missing variable value =?= 0.0
INFO:pyomo.util.infeasible:CONSTR location_fopex_constraint[TX,0]: missing variable value =?= 0.0
INFO:pyomo.util.infeasible:CONSTR location_vopex_constraint[TX,0]: missing variable value =?= 0.0
INFO:pyomo.util.infeasible:CONSTR network_capex_constraint[0]: missing variable value =?= 0.0
INFO:pyomo.util.infeasible:CONSTR network_fopex_constraint[0]: missing variable value =?= 0.0
INFO:pyomo.util.infeasible:CONSTR network_vopex_constraint[0]: missing variable value =?= 0.0
INFO:pyomo.util.infeasible:CONSTR demand_constraint[TX,H2_L,0]: missing variable value =?= 100000000.0
INFO:pyomo.util.infeasible:CONSTR demand_constraint[TX,H2_C,0]: missing variable value =?= 100000000.0
INFO:pyomo.util.infeasible:Skipping CONSTR uncertain_nameplate_production_constraint[TX,SMRH,0]: missing variable value.
INFO:pyomo.util.infeasible:Skipping CONSTR uncertain_nameplate_production_constraint[TX,EOR,0]: missing variable value.
INFO:pyomo.util.infeasible:Skipping CONSTR uncertain_nameplate_production_constraint[TX,LiI_d,0]: missing variable value.
INFO:pyomo.util.infeasible:Skipping CONSTR uncertain_nameplate_production_constraint[TX,H2_Blue,0]: missing variable value.
INFO:pyomo.util.infeasible:Skipping CONSTR uncertain_nameplate_production_constraint[TX,H2_C_d,0]: missing variable value.
INFO:pyomo.util.infeasible:Skipping CONSTR uncertain_nameplate_production_constraint[TX,AKE,0]: missing variable value.
INFO:pyomo.util.infeasible:Skipping CONSTR uncertain_nameplate_production_constraint[TX,DAC,0]: missing variable value.
INFO:pyomo.util.infeasible:Skipping CONSTR uncertain_nameplate_production_constraint[TX,AQoff_SMR,0]: missing variable value.
INFO:pyomo.util.infeasible:Skipping CONSTR uncertain_nameplate_production_constraint[TX,H2_C_c,0]: missing variable value.
INFO:pyomo.util.infeasible:Skipping CONSTR uncertain_nameplate_production_constraint[TX,CAES_c,0]: missing variable value.
INFO:pyomo.util.infeasible:Skipping CONSTR uncertain_nameplate_production_constraint[TX,PSH_c,0]: missing variable value.
INFO:pyomo.util.infeasible:Skipping CONSTR uncertain_nameplate_production_constraint[TX,PV,0]: missing variable value.
INFO:pyomo.util.infeasible:Skipping CONSTR uncertain_nameplate_production_constraint[TX,PSH_d,0]: missing variable value.
INFO:pyomo.util.infeasible:Skipping CONSTR uncertain_nameplate_production_constraint[TX,H2_L_d,0]: missing variable value.
INFO:pyomo.util.infeasible:Skipping CONSTR uncertain_nameplate_production_constraint[TX,CAES_d,0]: missing variable value.
INFO:pyomo.util.infeasible:Skipping CONSTR uncertain_nameplate_production_constraint[TX,WF,0]: missing variable value.
INFO:pyomo.util.infeasible:Skipping CONSTR uncertain_nameplate_production_constraint[TX,H2_L_c,0]: missing variable value.
INFO:pyomo.util.infeasible:Skipping CONSTR uncertain_nameplate_production_constraint[TX,LiI_c,0]: missing variable value.
INFO:pyomo.util.infeasible:Skipping CONSTR uncertain_nameplate_production_constraint[TX,H2_Green,0]: missing variable value.
INFO:pyomo.util.infeasible:Skipping CONSTR nameplate_inventory_constraint[TX,H2_L,0]: missing variable value.
INFO:pyomo.util.infeasible:Skipping CONSTR nameplate_inventory_constraint[TX,H2O_E,0]: missing variable value.
INFO:pyomo.util.infeasible:Skipping CONSTR nameplate_inventory_constraint[TX,Air_C,0]: missing variable value.
INFO:pyomo.util.infeasible:Skipping CONSTR nameplate_inventory_constraint[TX,CO2_AQoff,0]: missing variable value.
INFO:pyomo.util.infeasible:Skipping CONSTR nameplate_inventory_constraint[TX,Charge,0]: missing variable value.
INFO:pyomo.util.infeasible:Skipping CONSTR nameplate_inventory_constraint[TX,H2_C,0]: missing variable value.
INFO:pyomo.util.infeasible:Skipping CONSTR nameplate_inventory_constraint[TX,CO2_EOR,0]: missing variable value.
INFO:pyomo.util.infeasible:Skipping CONSTR resource_consumption_constraint[TX,Wind,0]: missing variable value.
INFO:pyomo.util.infeasible:Skipping CONSTR resource_consumption_constraint[TX,Solar,0]: missing variable value.
INFO:pyomo.util.infeasible:Skipping CONSTR resource_consumption_constraint[TX,CH4,0]: missing variable value.
INFO:pyomo.util.infeasible:Skipping CONSTR resource_consumption_constraint[TX,H2O,0]: missing variable value.
INFO:pyomo.util.infeasible:Skipping CONSTR resource_consumption_constraint[TX,CO2,0]: missing variable value.
INFO:gurobipy.gurobipy:Set parameter QCPDual to value 1
INFO:gurobipy.gurobipy:Gurobi Optimizer version 9.5.2 build v9.5.2rc0 (mac64[x86])
INFO:gurobipy.gurobipy:Thread count: 2 physical cores, 4 logical processors, using up to 4 threads
INFO:gurobipy.gurobipy:Optimize a model with 211 rows, 222 columns and 476 nonzeros
INFO:gurobipy.gurobipy:Model fingerprint: 0xeda1e6ab
INFO:gurobipy.gurobipy:Coefficient statistics:
INFO:gurobipy.gurobipy:  Matrix range     [1e-06, 2e+06]
INFO:gurobipy.gurobipy:  Objective range  [1e+00, 2e+00]
INFO:gurobipy.gurobipy:  Bounds range     [2e+02, 2e+02]
INFO:gurobipy.gurobipy:  RHS range        [1e+03, 1e+08]
INFO:gurobipy.gurobipy:Warning: Model contains large matrix coefficient range
INFO:gurobipy.gurobipy:         Consider reformulating model or setting NumericFocus parameter
INFO:gurobipy.gurobipy:         to avoid numerical issues.
INFO:gurobipy.gurobipy:Presolve removed 204 rows and 206 columns
INFO:gurobipy.gurobipy:Presolve time: 0.09s
INFO:gurobipy.gurobipy:Presolved: 7 rows, 16 columns, 32 nonzeros
INFO:gurobipy.gurobipy:
INFO:gurobipy.gurobipy:Iteration    Objective       Primal Inf.    Dual Inf.      Time
INFO:gurobipy.gurobipy:       0   -2.0905595e+35   3.571960e+30   2.090559e+05      0s
INFO:gurobipy.gurobipy:       9    3.4690892e+06   0.000000e+00   0.000000e+00      0s
INFO:gurobipy.gurobipy:
INFO:gurobipy.gurobipy:Solved in 9 iterations and 0.13 seconds (0.00 work units)
INFO:gurobipy.gurobipy:Optimal objective  3.469089231e+06
INFO:pyomo.util.infeasible:P[TX,LiI_d,0] near LB of 0
INFO:pyomo.util.infeasible:P[TX,H2_C_d,0] near LB of 0
INFO:pyomo.util.infeasible:P[TX,AKE,0] near LB of 0
INFO:pyomo.util.infeasible:P[TX,DAC,0] near LB of 0
INFO:pyomo.util.infeasible:P[TX,AQoff_SMR,0] near LB of 0
INFO:pyomo.util.infeasible:P[TX,H2_C_c,0] near LB of 0
INFO:pyomo.util.infeasible:P[TX,CAES_c,0] near LB of 0
INFO:pyomo.util.infeasible:P[TX,PSH_c,0] near LB of 0
INFO:pyomo.util.infeasible:P[TX,PV,0] near LB of 0
INFO:pyomo.util.infeasible:P[TX,PSH_d,0] near LB of 0
INFO:pyomo.util.infeasible:P[TX,H2_L_d,0] near LB of 0
INFO:pyomo.util.infeasible:P[TX,CAES_d,0] near LB of 0
INFO:pyomo.util.infeasible:P[TX,LiI_c,0] near LB of 0
INFO:pyomo.util.infeasible:P[TX,H2_Green,0] near LB of 0
INFO:pyomo.util.infeasible:B[TX,Wind,0] near LB of 0
INFO:pyomo.util.infeasible:B[TX,Solar,0] near LB of 0
INFO:pyomo.util.infeasible:B[TX,CO2,0] near LB of 0
INFO:pyomo.util.infeasible:C[TX,Solar,0] near LB of 0
INFO:pyomo.util.infeasible:C[TX,CO2,0] near LB of 0
INFO:pyomo.util.infeasible:S[TX,O2,0] near LB of 0
INFO:pyomo.util.infeasible:S[TX,H2_C,0] near LB of 0
INFO:pyomo.util.infeasible:Inv[TX,H2_L,0] near LB of 0
INFO:pyomo.util.infeasible:Inv[TX,H2O_E,0] near LB of 0
INFO:pyomo.util.infeasible:Inv[TX,Air_C,0] near LB of 0
INFO:pyomo.util.infeasible:Inv[TX,CO2_AQoff,0] near LB of 0
INFO:pyomo.util.infeasible:Inv[TX,Charge,0] near LB of 0
INFO:pyomo.util.infeasible:Inv[TX,H2_C,0] near LB of 0
INFO:pyomo.util.infeasible:Cap_P[TX,LiI_d,0] near LB of 0
INFO:pyomo.util.infeasible:Cap_P[TX,H2_C_d,0] near LB of 0
INFO:pyomo.util.infeasible:Cap_P[TX,AKE,0] near LB of 0
INFO:pyomo.util.infeasible:Cap_P[TX,DAC,0] near LB of 0
INFO:pyomo.util.infeasible:Cap_P[TX,AQoff_SMR,0] near LB of 0
INFO:pyomo.util.infeasible:Cap_P[TX,H2_C_c,0] near LB of 0
INFO:pyomo.util.infeasible:Cap_P[TX,CAES_c,0] near LB of 0
INFO:pyomo.util.infeasible:Cap_P[TX,PSH_c,0] near LB of 0
INFO:pyomo.util.infeasible:Cap_P[TX,PV,0] near LB of 0
INFO:pyomo.util.infeasible:Cap_P[TX,PSH_d,0] near LB of 0
INFO:pyomo.util.infeasible:Cap_P[TX,H2_L_d,0] near LB of 0
INFO:pyomo.util.infeasible:Cap_P[TX,CAES_d,0] near LB of 0
INFO:pyomo.util.infeasible:Cap_P[TX,WF,0] near LB of 0
INFO:pyomo.util.infeasible:Cap_P[TX,LiI_c,0] near LB of 0
INFO:pyomo.util.infeasible:Cap_P[TX,H2_Green,0] near LB of 0
INFO:pyomo.util.infeasible:Cap_S[TX,H2_L,0] near LB of 0
INFO:pyomo.util.infeasible:Cap_S[TX,H2O_E,0] near LB of 0
INFO:pyomo.util.infeasible:Cap_S[TX,Air_C,0] near LB of 0
INFO:pyomo.util.infeasible:Cap_S[TX,CO2_AQoff,0] near LB of 0
INFO:pyomo.util.infeasible:Cap_S[TX,Charge,0] near LB of 0
INFO:pyomo.util.infeasible:Cap_S[TX,H2_C,0] near LB of 0
INFO:pyomo.util.infeasible:Land_process[TX,SMRH,0] near LB of 0
INFO:pyomo.util.infeasible:Land_process[TX,EOR,0] near LB of 0
INFO:pyomo.util.infeasible:Land_process[TX,LiI_d,0] near LB of 0
INFO:pyomo.util.infeasible:Land_process[TX,H2_Blue,0] near LB of 0
INFO:pyomo.util.infeasible:Land_process[TX,H2_C_d,0] near LB of 0
INFO:pyomo.util.infeasible:Land_process[TX,AKE,0] near LB of 0
INFO:pyomo.util.infeasible:Land_process[TX,DAC,0] near LB of 0
INFO:pyomo.util.infeasible:Land_process[TX,AQoff_SMR,0] near LB of 0
INFO:pyomo.util.infeasible:Land_process[TX,H2_C_c,0] near LB of 0
INFO:pyomo.util.infeasible:Land_process[TX,CAES_c,0] near LB of 0
INFO:pyomo.util.infeasible:Land_process[TX,PSH_c,0] near LB of 0
INFO:pyomo.util.infeasible:Land_process[TX,PV,0] near LB of 0
INFO:pyomo.util.infeasible:Land_process[TX,PSH_d,0] near LB of 0
INFO:pyomo.util.infeasible:Land_process[TX,H2_L_d,0] near LB of 0
INFO:pyomo.util.infeasible:Land_process[TX,CAES_d,0] near LB of 0
INFO:pyomo.util.infeasible:Land_process[TX,WF,0] near LB of 0
INFO:pyomo.util.infeasible:Land_process[TX,H2_L_c,0] near LB of 0
INFO:pyomo.util.infeasible:Land_process[TX,LiI_c,0] near LB of 0
INFO:pyomo.util.infeasible:Land_process[TX,H2_Green,0] near LB of 0
INFO:pyomo.util.infeasible:Land_location[TX,0] near LB of 0
INFO:pyomo.util.infeasible:Land_network[0] near LB of 0
INFO:pyomo.util.infeasible:P_location[TX,LiI_d,0] near LB of 0
INFO:pyomo.util.infeasible:P_location[TX,H2_C_d,0] near LB of 0
INFO:pyomo.util.infeasible:P_location[TX,AKE,0] near LB of 0
INFO:pyomo.util.infeasible:P_location[TX,DAC,0] near LB of 0
INFO:pyomo.util.infeasible:P_location[TX,AQoff_SMR,0] near LB of 0
INFO:pyomo.util.infeasible:P_location[TX,H2_C_c,0] near LB of 0
INFO:pyomo.util.infeasible:P_location[TX,CAES_c,0] near LB of 0
INFO:pyomo.util.infeasible:P_location[TX,PSH_c,0] near LB of 0
INFO:pyomo.util.infeasible:P_location[TX,PV,0] near LB of 0
INFO:pyomo.util.infeasible:P_location[TX,PSH_d,0] near LB of 0
INFO:pyomo.util.infeasible:P_location[TX,H2_L_d,0] near LB of 0
INFO:pyomo.util.infeasible:P_location[TX,CAES_d,0] near LB of 0
INFO:pyomo.util.infeasible:P_location[TX,LiI_c,0] near LB of 0
INFO:pyomo.util.infeasible:P_location[TX,H2_Green,0] near LB of 0
INFO:pyomo.util.infeasible:S_location[TX,O2,0] near LB of 0
INFO:pyomo.util.infeasible:S_location[TX,H2_C,0] near LB of 0
INFO:pyomo.util.infeasible:C_location[TX,Solar,0] near LB of 0
INFO:pyomo.util.infeasible:C_location[TX,CO2,0] near LB of 0
INFO:pyomo.util.infeasible:B_location[TX,Wind,0] near LB of 0
INFO:pyomo.util.infeasible:B_location[TX,Solar,0] near LB of 0
INFO:pyomo.util.infeasible:B_location[TX,CO2,0] near LB of 0
INFO:pyomo.util.infeasible:P_network[LiI_d,0] near LB of 0
INFO:pyomo.util.infeasible:P_network[H2_C_d,0] near LB of 0
INFO:pyomo.util.infeasible:P_network[AKE,0] near LB of 0
INFO:pyomo.util.infeasible:P_network[DAC,0] near LB of 0
INFO:pyomo.util.infeasible:P_network[AQoff_SMR,0] near LB of 0
INFO:pyomo.util.infeasible:P_network[H2_C_c,0] near LB of 0
INFO:pyomo.util.infeasible:P_network[CAES_c,0] near LB of 0
INFO:pyomo.util.infeasible:P_network[PSH_c,0] near LB of 0
INFO:pyomo.util.infeasible:P_network[PV,0] near LB of 0
INFO:pyomo.util.infeasible:P_network[PSH_d,0] near LB of 0
INFO:pyomo.util.infeasible:P_network[H2_L_d,0] near LB of 0
INFO:pyomo.util.infeasible:P_network[CAES_d,0] near LB of 0
INFO:pyomo.util.infeasible:P_network[LiI_c,0] near LB of 0
INFO:pyomo.util.infeasible:P_network[H2_Green,0] near LB of 0
INFO:pyomo.util.infeasible:S_network[O2,0] near LB of 0
INFO:pyomo.util.infeasible:S_network[H2_C,0] near LB of 0
INFO:pyomo.util.infeasible:C_network[Solar,0] near LB of 0
INFO:pyomo.util.infeasible:C_network[CO2,0] near LB of 0
INFO:pyomo.util.infeasible:B_network[Wind,0] near LB of 0
INFO:pyomo.util.infeasible:B_network[Solar,0] near LB of 0
INFO:pyomo.util.infeasible:B_network[CO2,0] near LB of 0
INFO:pyomo.util.infeasible:Fopex_process[TX,EOR,0] near LB of 0
INFO:pyomo.util.infeasible:Fopex_process[TX,LiI_d,0] near LB of 0
INFO:pyomo.util.infeasible:Fopex_process[TX,H2_Blue,0] near LB of 0
INFO:pyomo.util.infeasible:Fopex_process[TX,H2_C_d,0] near LB of 0
INFO:pyomo.util.infeasible:Fopex_process[TX,AKE,0] near LB of 0
INFO:pyomo.util.infeasible:Fopex_process[TX,DAC,0] near LB of 0
INFO:pyomo.util.infeasible:Fopex_process[TX,AQoff_SMR,0] near LB of 0
INFO:pyomo.util.infeasible:Fopex_process[TX,H2_C_c,0] near LB of 0
INFO:pyomo.util.infeasible:Fopex_process[TX,CAES_c,0] near LB of 0
INFO:pyomo.util.infeasible:Fopex_process[TX,PSH_c,0] near LB of 0
INFO:pyomo.util.infeasible:Fopex_process[TX,PV,0] near LB of 0
INFO:pyomo.util.infeasible:Fopex_process[TX,PSH_d,0] near LB of 0
INFO:pyomo.util.infeasible:Fopex_process[TX,H2_L_d,0] near LB of 0
INFO:pyomo.util.infeasible:Fopex_process[TX,CAES_d,0] near LB of 0
INFO:pyomo.util.infeasible:Fopex_process[TX,WF,0] near LB of 0
INFO:pyomo.util.infeasible:Fopex_process[TX,H2_L_c,0] near LB of 0
INFO:pyomo.util.infeasible:Fopex_process[TX,LiI_c,0] near LB of 0
INFO:pyomo.util.infeasible:Fopex_process[TX,H2_Green,0] near LB of 0
INFO:pyomo.util.infeasible:Vopex_process[TX,EOR,0] near LB of 0
INFO:pyomo.util.infeasible:Vopex_process[TX,LiI_d,0] near LB of 0
INFO:pyomo.util.infeasible:Vopex_process[TX,H2_Blue,0] near LB of 0
INFO:pyomo.util.infeasible:Vopex_process[TX,H2_C_d,0] near LB of 0
INFO:pyomo.util.infeasible:Vopex_process[TX,AKE,0] near LB of 0
INFO:pyomo.util.infeasible:Vopex_process[TX,DAC,0] near LB of 0
INFO:pyomo.util.infeasible:Vopex_process[TX,AQoff_SMR,0] near LB of 0
INFO:pyomo.util.infeasible:Vopex_process[TX,H2_C_c,0] near LB of 0
INFO:pyomo.util.infeasible:Vopex_process[TX,CAES_c,0] near LB of 0
INFO:pyomo.util.infeasible:Vopex_process[TX,PSH_c,0] near LB of 0
INFO:pyomo.util.infeasible:Vopex_process[TX,PV,0] near LB of 0
INFO:pyomo.util.infeasible:Vopex_process[TX,PSH_d,0] near LB of 0
INFO:pyomo.util.infeasible:Vopex_process[TX,H2_L_d,0] near LB of 0
INFO:pyomo.util.infeasible:Vopex_process[TX,CAES_d,0] near LB of 0
INFO:pyomo.util.infeasible:Vopex_process[TX,WF,0] near LB of 0
INFO:pyomo.util.infeasible:Vopex_process[TX,H2_L_c,0] near LB of 0
INFO:pyomo.util.infeasible:Vopex_process[TX,LiI_c,0] near LB of 0
INFO:pyomo.util.infeasible:Vopex_process[TX,H2_Green,0] near LB of 0
INFO:pyomo.util.infeasible:Capex_process[TX,LiI_d,0] near LB of 0
INFO:pyomo.util.infeasible:Capex_process[TX,H2_C_d,0] near LB of 0
INFO:pyomo.util.infeasible:Capex_process[TX,AKE,0] near LB of 0
INFO:pyomo.util.infeasible:Capex_process[TX,DAC,0] near LB of 0
INFO:pyomo.util.infeasible:Capex_process[TX,AQoff_SMR,0] near LB of 0
INFO:pyomo.util.infeasible:Capex_process[TX,H2_C_c,0] near LB of 0
INFO:pyomo.util.infeasible:Capex_process[TX,CAES_c,0] near LB of 0
INFO:pyomo.util.infeasible:Capex_process[TX,PSH_c,0] near LB of 0
INFO:pyomo.util.infeasible:Capex_process[TX,PV,0] near LB of 0
INFO:pyomo.util.infeasible:Capex_process[TX,PSH_d,0] near LB of 0
INFO:pyomo.util.infeasible:Capex_process[TX,H2_L_d,0] near LB of 0
INFO:pyomo.util.infeasible:Capex_process[TX,CAES_d,0] near LB of 0
INFO:pyomo.util.infeasible:Capex_process[TX,WF,0] near LB of 0
INFO:pyomo.util.infeasible:Capex_process[TX,LiI_c,0] near LB of 0
INFO:pyomo.util.infeasible:Capex_process[TX,H2_Green,0] near LB of 0
INFO:pyomo.util.infeasible:Delta_Cap_P[TX,PV,0] near LB of 0
INFO:pyomo.util.infeasible:Delta_Cap_P_location[TX,PV,0] near LB of 0
INFO:pyomo.util.infeasible:Delta_Cap_P_network[PV,0] near LB of 0
INFO:pyomo.util.infeasible:uncertain_nameplate_production_constraint[TX,SMRH,0] near UB
INFO:pyomo.util.infeasible:uncertain_nameplate_production_constraint[TX,EOR,0] near UB
INFO:pyomo.util.infeasible:uncertain_nameplate_production_constraint[TX,LiI_d,0] near UB
INFO:pyomo.util.infeasible:uncertain_nameplate_production_constraint[TX,H2_Blue,0] near UB
INFO:pyomo.util.infeasible:uncertain_nameplate_production_constraint[TX,H2_C_d,0] near UB
INFO:pyomo.util.infeasible:uncertain_nameplate_production_constraint[TX,AKE,0] near UB
INFO:pyomo.util.infeasible:uncertain_nameplate_production_constraint[TX,DAC,0] near UB
INFO:pyomo.util.infeasible:uncertain_nameplate_production_constraint[TX,AQoff_SMR,0] near UB
INFO:pyomo.util.infeasible:uncertain_nameplate_production_constraint[TX,H2_C_c,0] near UB
INFO:pyomo.util.infeasible:uncertain_nameplate_production_constraint[TX,CAES_c,0] near UB
INFO:pyomo.util.infeasible:uncertain_nameplate_production_constraint[TX,PSH_c,0] near UB
INFO:pyomo.util.infeasible:uncertain_nameplate_production_constraint[TX,PV,0] near UB
INFO:pyomo.util.infeasible:uncertain_nameplate_production_constraint[TX,PSH_d,0] near UB
INFO:pyomo.util.infeasible:uncertain_nameplate_production_constraint[TX,H2_L_d,0] near UB
INFO:pyomo.util.infeasible:uncertain_nameplate_production_constraint[TX,CAES_d,0] near UB
INFO:pyomo.util.infeasible:uncertain_nameplate_production_constraint[TX,WF,0] near UB
INFO:pyomo.util.infeasible:uncertain_nameplate_production_constraint[TX,H2_L_c,0] near UB
INFO:pyomo.util.infeasible:uncertain_nameplate_production_constraint[TX,LiI_c,0] near UB
INFO:pyomo.util.infeasible:uncertain_nameplate_production_constraint[TX,H2_Green,0] near UB
INFO:pyomo.util.infeasible:nameplate_inventory_constraint[TX,H2_L,0] near UB
INFO:pyomo.util.infeasible:nameplate_inventory_constraint[TX,H2O_E,0] near UB
INFO:pyomo.util.infeasible:nameplate_inventory_constraint[TX,Air_C,0] near UB
INFO:pyomo.util.infeasible:nameplate_inventory_constraint[TX,CO2_AQoff,0] near UB
INFO:pyomo.util.infeasible:nameplate_inventory_constraint[TX,Charge,0] near UB
INFO:pyomo.util.infeasible:nameplate_inventory_constraint[TX,H2_C,0] near UB
INFO:pyomo.util.infeasible:nameplate_inventory_constraint[TX,CO2_EOR,0] near UB
INFO:gurobipy.gurobipy:Set parameter QCPDual to value 1
INFO:gurobipy.gurobipy:Gurobi Optimizer version 9.5.2 build v9.5.2rc0 (mac64[x86])
INFO:gurobipy.gurobipy:Thread count: 2 physical cores, 4 logical processors, using up to 4 threads
INFO:gurobipy.gurobipy:Optimize a model with 211 rows, 222 columns and 476 nonzeros
INFO:gurobipy.gurobipy:Model fingerprint: 0xeda1e6ab
INFO:gurobipy.gurobipy:Coefficient statistics:
INFO:gurobipy.gurobipy:  Matrix range     [1e-06, 2e+06]
INFO:gurobipy.gurobipy:  Objective range  [1e+00, 2e+00]
INFO:gurobipy.gurobipy:  Bounds range     [2e+02, 2e+02]
INFO:gurobipy.gurobipy:  RHS range        [1e+03, 1e+08]
INFO:gurobipy.gurobipy:Warning: Model contains large matrix coefficient range
INFO:gurobipy.gurobipy:         Consider reformulating model or setting NumericFocus parameter
INFO:gurobipy.gurobipy:         to avoid numerical issues.
INFO:gurobipy.gurobipy:Presolve removed 204 rows and 206 columns
INFO:gurobipy.gurobipy:Presolve time: 0.07s
INFO:gurobipy.gurobipy:Presolved: 7 rows, 16 columns, 32 nonzeros
INFO:gurobipy.gurobipy:
INFO:gurobipy.gurobipy:Iteration    Objective       Primal Inf.    Dual Inf.      Time
INFO:gurobipy.gurobipy:       0   -2.0905595e+35   3.571960e+30   2.090559e+05      0s
INFO:gurobipy.gurobipy:       9    3.4690892e+06   0.000000e+00   0.000000e+00      0s
INFO:gurobipy.gurobipy:
INFO:gurobipy.gurobipy:Solved in 9 iterations and 0.10 seconds (0.00 work units)
INFO:gurobipy.gurobipy:Optimal objective  3.469089231e+06
INFO:pyomo.util.infeasible:P[TX,LiI_d,0] near LB of 0
INFO:pyomo.util.infeasible:P[TX,H2_C_d,0] near LB of 0
INFO:pyomo.util.infeasible:P[TX,AKE,0] near LB of 0
INFO:pyomo.util.infeasible:P[TX,DAC,0] near LB of 0
INFO:pyomo.util.infeasible:P[TX,AQoff_SMR,0] near LB of 0
INFO:pyomo.util.infeasible:P[TX,H2_C_c,0] near LB of 0
INFO:pyomo.util.infeasible:P[TX,CAES_c,0] near LB of 0
INFO:pyomo.util.infeasible:P[TX,PSH_c,0] near LB of 0
INFO:pyomo.util.infeasible:P[TX,PV,0] near LB of 0
INFO:pyomo.util.infeasible:P[TX,PSH_d,0] near LB of 0
INFO:pyomo.util.infeasible:P[TX,H2_L_d,0] near LB of 0
INFO:pyomo.util.infeasible:P[TX,CAES_d,0] near LB of 0
INFO:pyomo.util.infeasible:P[TX,LiI_c,0] near LB of 0
INFO:pyomo.util.infeasible:P[TX,H2_Green,0] near LB of 0
INFO:pyomo.util.infeasible:B[TX,Wind,0] near LB of 0
INFO:pyomo.util.infeasible:B[TX,Solar,0] near LB of 0
INFO:pyomo.util.infeasible:B[TX,CO2,0] near LB of 0
INFO:pyomo.util.infeasible:C[TX,Solar,0] near LB of 0
INFO:pyomo.util.infeasible:C[TX,CO2,0] near LB of 0
INFO:pyomo.util.infeasible:S[TX,O2,0] near LB of 0
INFO:pyomo.util.infeasible:S[TX,H2_C,0] near LB of 0
INFO:pyomo.util.infeasible:Inv[TX,H2_L,0] near LB of 0
INFO:pyomo.util.infeasible:Inv[TX,H2O_E,0] near LB of 0
INFO:pyomo.util.infeasible:Inv[TX,Air_C,0] near LB of 0
INFO:pyomo.util.infeasible:Inv[TX,CO2_AQoff,0] near LB of 0
INFO:pyomo.util.infeasible:Inv[TX,Charge,0] near LB of 0
INFO:pyomo.util.infeasible:Inv[TX,H2_C,0] near LB of 0
INFO:pyomo.util.infeasible:Cap_P[TX,LiI_d,0] near LB of 0
INFO:pyomo.util.infeasible:Cap_P[TX,H2_C_d,0] near LB of 0
INFO:pyomo.util.infeasible:Cap_P[TX,AKE,0] near LB of 0
INFO:pyomo.util.infeasible:Cap_P[TX,DAC,0] near LB of 0
INFO:pyomo.util.infeasible:Cap_P[TX,AQoff_SMR,0] near LB of 0
INFO:pyomo.util.infeasible:Cap_P[TX,H2_C_c,0] near LB of 0
INFO:pyomo.util.infeasible:Cap_P[TX,CAES_c,0] near LB of 0
INFO:pyomo.util.infeasible:Cap_P[TX,PSH_c,0] near LB of 0
INFO:pyomo.util.infeasible:Cap_P[TX,PV,0] near LB of 0
INFO:pyomo.util.infeasible:Cap_P[TX,PSH_d,0] near LB of 0
INFO:pyomo.util.infeasible:Cap_P[TX,H2_L_d,0] near LB of 0
INFO:pyomo.util.infeasible:Cap_P[TX,CAES_d,0] near LB of 0
INFO:pyomo.util.infeasible:Cap_P[TX,WF,0] near LB of 0
INFO:pyomo.util.infeasible:Cap_P[TX,LiI_c,0] near LB of 0
INFO:pyomo.util.infeasible:Cap_P[TX,H2_Green,0] near LB of 0
INFO:pyomo.util.infeasible:Cap_S[TX,H2_L,0] near LB of 0
INFO:pyomo.util.infeasible:Cap_S[TX,H2O_E,0] near LB of 0
INFO:pyomo.util.infeasible:Cap_S[TX,Air_C,0] near LB of 0
INFO:pyomo.util.infeasible:Cap_S[TX,CO2_AQoff,0] near LB of 0
INFO:pyomo.util.infeasible:Cap_S[TX,Charge,0] near LB of 0
INFO:pyomo.util.infeasible:Cap_S[TX,H2_C,0] near LB of 0
INFO:pyomo.util.infeasible:Land_process[TX,SMRH,0] near LB of 0
INFO:pyomo.util.infeasible:Land_process[TX,EOR,0] near LB of 0
INFO:pyomo.util.infeasible:Land_process[TX,LiI_d,0] near LB of 0
INFO:pyomo.util.infeasible:Land_process[TX,H2_Blue,0] near LB of 0
INFO:pyomo.util.infeasible:Land_process[TX,H2_C_d,0] near LB of 0
INFO:pyomo.util.infeasible:Land_process[TX,AKE,0] near LB of 0
INFO:pyomo.util.infeasible:Land_process[TX,DAC,0] near LB of 0
INFO:pyomo.util.infeasible:Land_process[TX,AQoff_SMR,0] near LB of 0
INFO:pyomo.util.infeasible:Land_process[TX,H2_C_c,0] near LB of 0
INFO:pyomo.util.infeasible:Land_process[TX,CAES_c,0] near LB of 0
INFO:pyomo.util.infeasible:Land_process[TX,PSH_c,0] near LB of 0
INFO:pyomo.util.infeasible:Land_process[TX,PV,0] near LB of 0
INFO:pyomo.util.infeasible:Land_process[TX,PSH_d,0] near LB of 0
INFO:pyomo.util.infeasible:Land_process[TX,H2_L_d,0] near LB of 0
INFO:pyomo.util.infeasible:Land_process[TX,CAES_d,0] near LB of 0
INFO:pyomo.util.infeasible:Land_process[TX,WF,0] near LB of 0
INFO:pyomo.util.infeasible:Land_process[TX,H2_L_c,0] near LB of 0
INFO:pyomo.util.infeasible:Land_process[TX,LiI_c,0] near LB of 0
INFO:pyomo.util.infeasible:Land_process[TX,H2_Green,0] near LB of 0
INFO:pyomo.util.infeasible:Land_location[TX,0] near LB of 0
INFO:pyomo.util.infeasible:Land_network[0] near LB of 0
INFO:pyomo.util.infeasible:P_location[TX,LiI_d,0] near LB of 0
INFO:pyomo.util.infeasible:P_location[TX,H2_C_d,0] near LB of 0
INFO:pyomo.util.infeasible:P_location[TX,AKE,0] near LB of 0
INFO:pyomo.util.infeasible:P_location[TX,DAC,0] near LB of 0
INFO:pyomo.util.infeasible:P_location[TX,AQoff_SMR,0] near LB of 0
INFO:pyomo.util.infeasible:P_location[TX,H2_C_c,0] near LB of 0
INFO:pyomo.util.infeasible:P_location[TX,CAES_c,0] near LB of 0
INFO:pyomo.util.infeasible:P_location[TX,PSH_c,0] near LB of 0
INFO:pyomo.util.infeasible:P_location[TX,PV,0] near LB of 0
INFO:pyomo.util.infeasible:P_location[TX,PSH_d,0] near LB of 0
INFO:pyomo.util.infeasible:P_location[TX,H2_L_d,0] near LB of 0
INFO:pyomo.util.infeasible:P_location[TX,CAES_d,0] near LB of 0
INFO:pyomo.util.infeasible:P_location[TX,LiI_c,0] near LB of 0
INFO:pyomo.util.infeasible:P_location[TX,H2_Green,0] near LB of 0
INFO:pyomo.util.infeasible:S_location[TX,O2,0] near LB of 0
INFO:pyomo.util.infeasible:S_location[TX,H2_C,0] near LB of 0
INFO:pyomo.util.infeasible:C_location[TX,Solar,0] near LB of 0
INFO:pyomo.util.infeasible:C_location[TX,CO2,0] near LB of 0
INFO:pyomo.util.infeasible:B_location[TX,Wind,0] near LB of 0
INFO:pyomo.util.infeasible:B_location[TX,Solar,0] near LB of 0
INFO:pyomo.util.infeasible:B_location[TX,CO2,0] near LB of 0
INFO:pyomo.util.infeasible:P_network[LiI_d,0] near LB of 0
INFO:pyomo.util.infeasible:P_network[H2_C_d,0] near LB of 0
INFO:pyomo.util.infeasible:P_network[AKE,0] near LB of 0
INFO:pyomo.util.infeasible:P_network[DAC,0] near LB of 0
INFO:pyomo.util.infeasible:P_network[AQoff_SMR,0] near LB of 0
INFO:pyomo.util.infeasible:P_network[H2_C_c,0] near LB of 0
INFO:pyomo.util.infeasible:P_network[CAES_c,0] near LB of 0
INFO:pyomo.util.infeasible:P_network[PSH_c,0] near LB of 0
INFO:pyomo.util.infeasible:P_network[PV,0] near LB of 0
INFO:pyomo.util.infeasible:P_network[PSH_d,0] near LB of 0
INFO:pyomo.util.infeasible:P_network[H2_L_d,0] near LB of 0
INFO:pyomo.util.infeasible:P_network[CAES_d,0] near LB of 0
INFO:pyomo.util.infeasible:P_network[LiI_c,0] near LB of 0
INFO:pyomo.util.infeasible:P_network[H2_Green,0] near LB of 0
INFO:pyomo.util.infeasible:S_network[O2,0] near LB of 0
INFO:pyomo.util.infeasible:S_network[H2_C,0] near LB of 0
INFO:pyomo.util.infeasible:C_network[Solar,0] near LB of 0
INFO:pyomo.util.infeasible:C_network[CO2,0] near LB of 0
INFO:pyomo.util.infeasible:B_network[Wind,0] near LB of 0
INFO:pyomo.util.infeasible:B_network[Solar,0] near LB of 0
INFO:pyomo.util.infeasible:B_network[CO2,0] near LB of 0
INFO:pyomo.util.infeasible:Fopex_process[TX,EOR,0] near LB of 0
INFO:pyomo.util.infeasible:Fopex_process[TX,LiI_d,0] near LB of 0
INFO:pyomo.util.infeasible:Fopex_process[TX,H2_Blue,0] near LB of 0
INFO:pyomo.util.infeasible:Fopex_process[TX,H2_C_d,0] near LB of 0
INFO:pyomo.util.infeasible:Fopex_process[TX,AKE,0] near LB of 0
INFO:pyomo.util.infeasible:Fopex_process[TX,DAC,0] near LB of 0
INFO:pyomo.util.infeasible:Fopex_process[TX,AQoff_SMR,0] near LB of 0
INFO:pyomo.util.infeasible:Fopex_process[TX,H2_C_c,0] near LB of 0
INFO:pyomo.util.infeasible:Fopex_process[TX,CAES_c,0] near LB of 0
INFO:pyomo.util.infeasible:Fopex_process[TX,PSH_c,0] near LB of 0
INFO:pyomo.util.infeasible:Fopex_process[TX,PV,0] near LB of 0
INFO:pyomo.util.infeasible:Fopex_process[TX,PSH_d,0] near LB of 0
INFO:pyomo.util.infeasible:Fopex_process[TX,H2_L_d,0] near LB of 0
INFO:pyomo.util.infeasible:Fopex_process[TX,CAES_d,0] near LB of 0
INFO:pyomo.util.infeasible:Fopex_process[TX,WF,0] near LB of 0
INFO:pyomo.util.infeasible:Fopex_process[TX,H2_L_c,0] near LB of 0
INFO:pyomo.util.infeasible:Fopex_process[TX,LiI_c,0] near LB of 0
INFO:pyomo.util.infeasible:Fopex_process[TX,H2_Green,0] near LB of 0
INFO:pyomo.util.infeasible:Vopex_process[TX,EOR,0] near LB of 0
INFO:pyomo.util.infeasible:Vopex_process[TX,LiI_d,0] near LB of 0
INFO:pyomo.util.infeasible:Vopex_process[TX,H2_Blue,0] near LB of 0
INFO:pyomo.util.infeasible:Vopex_process[TX,H2_C_d,0] near LB of 0
INFO:pyomo.util.infeasible:Vopex_process[TX,AKE,0] near LB of 0
INFO:pyomo.util.infeasible:Vopex_process[TX,DAC,0] near LB of 0
INFO:pyomo.util.infeasible:Vopex_process[TX,AQoff_SMR,0] near LB of 0
INFO:pyomo.util.infeasible:Vopex_process[TX,H2_C_c,0] near LB of 0
INFO:pyomo.util.infeasible:Vopex_process[TX,CAES_c,0] near LB of 0
INFO:pyomo.util.infeasible:Vopex_process[TX,PSH_c,0] near LB of 0
INFO:pyomo.util.infeasible:Vopex_process[TX,PV,0] near LB of 0
INFO:pyomo.util.infeasible:Vopex_process[TX,PSH_d,0] near LB of 0
INFO:pyomo.util.infeasible:Vopex_process[TX,H2_L_d,0] near LB of 0
INFO:pyomo.util.infeasible:Vopex_process[TX,CAES_d,0] near LB of 0
INFO:pyomo.util.infeasible:Vopex_process[TX,WF,0] near LB of 0
INFO:pyomo.util.infeasible:Vopex_process[TX,H2_L_c,0] near LB of 0
INFO:pyomo.util.infeasible:Vopex_process[TX,LiI_c,0] near LB of 0
INFO:pyomo.util.infeasible:Vopex_process[TX,H2_Green,0] near LB of 0
INFO:pyomo.util.infeasible:Capex_process[TX,LiI_d,0] near LB of 0
INFO:pyomo.util.infeasible:Capex_process[TX,H2_C_d,0] near LB of 0
INFO:pyomo.util.infeasible:Capex_process[TX,AKE,0] near LB of 0
INFO:pyomo.util.infeasible:Capex_process[TX,DAC,0] near LB of 0
INFO:pyomo.util.infeasible:Capex_process[TX,AQoff_SMR,0] near LB of 0
INFO:pyomo.util.infeasible:Capex_process[TX,H2_C_c,0] near LB of 0
INFO:pyomo.util.infeasible:Capex_process[TX,CAES_c,0] near LB of 0
INFO:pyomo.util.infeasible:Capex_process[TX,PSH_c,0] near LB of 0
INFO:pyomo.util.infeasible:Capex_process[TX,PV,0] near LB of 0
INFO:pyomo.util.infeasible:Capex_process[TX,PSH_d,0] near LB of 0
INFO:pyomo.util.infeasible:Capex_process[TX,H2_L_d,0] near LB of 0
INFO:pyomo.util.infeasible:Capex_process[TX,CAES_d,0] near LB of 0
INFO:pyomo.util.infeasible:Capex_process[TX,WF,0] near LB of 0
INFO:pyomo.util.infeasible:Capex_process[TX,LiI_c,0] near LB of 0
INFO:pyomo.util.infeasible:Capex_process[TX,H2_Green,0] near LB of 0
INFO:pyomo.util.infeasible:Delta_Cap_P[TX,PV,0] near LB of 0
INFO:pyomo.util.infeasible:Delta_Cap_P_location[TX,PV,0] near LB of 0
INFO:pyomo.util.infeasible:Delta_Cap_P_network[PV,0] near LB of 0
INFO:pyomo.util.infeasible:uncertain_nameplate_production_constraint[TX,SMRH,0] near UB
INFO:pyomo.util.infeasible:uncertain_nameplate_production_constraint[TX,EOR,0] near UB
INFO:pyomo.util.infeasible:uncertain_nameplate_production_constraint[TX,LiI_d,0] near UB
INFO:pyomo.util.infeasible:uncertain_nameplate_production_constraint[TX,H2_Blue,0] near UB
INFO:pyomo.util.infeasible:uncertain_nameplate_production_constraint[TX,H2_C_d,0] near UB
INFO:pyomo.util.infeasible:uncertain_nameplate_production_constraint[TX,AKE,0] near UB
INFO:pyomo.util.infeasible:uncertain_nameplate_production_constraint[TX,DAC,0] near UB
INFO:pyomo.util.infeasible:uncertain_nameplate_production_constraint[TX,AQoff_SMR,0] near UB
INFO:pyomo.util.infeasible:uncertain_nameplate_production_constraint[TX,H2_C_c,0] near UB
INFO:pyomo.util.infeasible:uncertain_nameplate_production_constraint[TX,CAES_c,0] near UB
INFO:pyomo.util.infeasible:uncertain_nameplate_production_constraint[TX,PSH_c,0] near UB
INFO:pyomo.util.infeasible:uncertain_nameplate_production_constraint[TX,PV,0] near UB
INFO:pyomo.util.infeasible:uncertain_nameplate_production_constraint[TX,PSH_d,0] near UB
INFO:pyomo.util.infeasible:uncertain_nameplate_production_constraint[TX,H2_L_d,0] near UB
INFO:pyomo.util.infeasible:uncertain_nameplate_production_constraint[TX,CAES_d,0] near UB
INFO:pyomo.util.infeasible:uncertain_nameplate_production_constraint[TX,WF,0] near UB
INFO:pyomo.util.infeasible:uncertain_nameplate_production_constraint[TX,H2_L_c,0] near UB
INFO:pyomo.util.infeasible:uncertain_nameplate_production_constraint[TX,LiI_c,0] near UB
INFO:pyomo.util.infeasible:uncertain_nameplate_production_constraint[TX,H2_Green,0] near UB
INFO:pyomo.util.infeasible:nameplate_inventory_constraint[TX,H2_L,0] near UB
INFO:pyomo.util.infeasible:nameplate_inventory_constraint[TX,H2O_E,0] near UB
INFO:pyomo.util.infeasible:nameplate_inventory_constraint[TX,Air_C,0] near UB
INFO:pyomo.util.infeasible:nameplate_inventory_constraint[TX,CO2_AQoff,0] near UB
INFO:pyomo.util.infeasible:nameplate_inventory_constraint[TX,Charge,0] near UB
INFO:pyomo.util.infeasible:nameplate_inventory_constraint[TX,H2_C,0] near UB
INFO:pyomo.util.infeasible:nameplate_inventory_constraint[TX,CO2_EOR,0] near UB
